\BOOKMARK [1][-]{section.1}{\376\377\000O\000p\000i\000s\000\040\000p\000r\000o\000j\000e\000k\000t\000u}{}% 1
\BOOKMARK [1][-]{section.2}{\376\377\000K\000o\000n\000f\000i\000g\000u\000r\000a\000c\000j\000a\000\040\000m\000i\000k\000r\000o\000k\000o\000n\000t\000r\000o\000l\000e\000r\000a}{}% 2
\BOOKMARK [2][-]{subsection.2.1}{\376\377\000K\000o\000n\000f\000i\000g\000u\000r\000a\000c\000j\000a\000\040\000p\000i\000n\000\363\000w}{section.2}% 3
\BOOKMARK [2][-]{subsection.2.2}{\376\377\000U\000S\000A\000R\000T}{section.2}% 4
\BOOKMARK [2][-]{subsection.2.3}{\376\377\000T\000i\000m\000e\000r\000\040\0002}{section.2}% 5
\BOOKMARK [2][-]{subsection.2.4}{\376\377\000T\000i\000m\000e\000r\000\040\0002}{section.2}% 6
\BOOKMARK [2][-]{subsection.2.5}{\376\377\000T\000i\000m\000e\000r\000\040\0005}{section.2}% 7
\BOOKMARK [1][-]{section.3}{\376\377\000U\000r\000z\001\005\000d\000z\000e\000n\000i\000a\000\040\000z\000e\000w\000n\001\031\000t\000r\000z\000n\000e}{}% 8
\BOOKMARK [2][-]{subsection.3.1}{\376\377\000M\000o\000d\000u\001\102\000\040\000W\000i\000-\000F\000i\000\040\000E\000S\000P\0008\0002\0006\0006}{section.3}% 9
\BOOKMARK [1][-]{section.4}{\376\377\000P\000r\000o\000j\000e\000k\000t\000\040\000e\000l\000e\000k\000t\000r\000o\000n\000i\000k\000i}{}% 10
\BOOKMARK [2][-]{subsection.4.1}{\376\377\000P\000o\001\102\001\005\000c\000z\000e\000n\000i\000e\000\040\000p\000o\000m\000i\001\031\000d\000z\000y\000\040\000S\000T\000M\0003\0002\000\040\000a\000\040\000m\000o\000d\000u\001\102\000e\000m\000\040\000W\000i\000F\000i}{section.4}% 11
\BOOKMARK [2][-]{subsection.4.2}{\376\377\000S\000c\000h\000e\000m\000a\000t\000\040\000p\000o\001\102\001\005\000c\000z\000e\000n\000i\000a\000\040\000z\000\040\000s\000e\000r\000w\000o\000m\000e\000c\000h\000a\000n\000i\000z\000m\000e\000m}{section.4}% 12
\BOOKMARK [2][-]{subsection.4.3}{\376\377\000S\000c\000h\000e\000m\000a\000t\000\040\000p\000o\001\102\001\005\000c\000z\000e\000n\000i\000a\000\040\000z\000\040\000s\000i\000l\000n\000i\000k\000i\000e\000m}{section.4}% 13
\BOOKMARK [2][-]{subsection.4.4}{\376\377\000S\000c\000h\000e\000m\000a\000t\000\040\000p\000o\001\102\001\005\000c\000z\000e\000n\000i\000a\000\040\000z\000\040\000e\000n\000k\000o\000d\000e\000r\000e\000m}{section.4}% 14
\BOOKMARK [1][-]{section.5}{\376\377\000K\000o\000n\000s\000t\000r\000u\000k\000c\000j\000a\000\040\000m\000e\000c\000h\000a\000n\000i\000c\000z\000n\000a}{}% 15
\BOOKMARK [1][-]{section.6}{\376\377\000O\000p\000i\000s\000\040\000d\000z\000i\000a\001\102\000a\000n\000i\000a\000\040\000p\000r\000o\000g\000r\000a\000m\000u}{}% 16
\BOOKMARK [2][-]{subsection.6.1}{\376\377\000S\000c\000h\000e\000m\000a\000t\000\040\000d\000z\000i\000a\001\102\000a\000n\000i\000a\000\040\000p\000r\000o\000g\000r\000a\000m\000u}{section.6}% 17
\BOOKMARK [2][-]{subsection.6.2}{\376\377\000F\000u\000n\000k\000c\000j\000a\000\040\000o\000b\000s\001\102\000u\000g\000u\000j\001\005\000c\000a\000\040\000p\000r\000z\000e\000r\000w\000a\000n\000i\000e\000\040\000t\000i\000m\000e\000r\000a\000\040\0006}{section.6}% 18
\BOOKMARK [2][-]{subsection.6.3}{\376\377\000F\000u\000n\000k\000c\000j\000a\000\040\000o\000b\000s\001\102\000u\000g\000u\000j\001\005\000c\000a\000\040\000p\000r\000z\000e\000r\000w\000a\000n\000i\000e\000\040\000U\000S\000A\000R\000T}{section.6}% 19
\BOOKMARK [1][-]{section.7}{\376\377\000Z\000a\000d\000a\000n\000i\000a\000\040\000n\000i\000e\000z\000r\000e\000a\000l\000i\000z\000o\000w\000a\000n\000e}{}% 20
\BOOKMARK [1][-]{section.8}{\376\377\000P\000o\000d\000s\000u\000m\000o\000w\000a\000n\000i\000e}{}% 21
\BOOKMARK [1][-]{section.8}{\376\377\000B\000i\000b\000i\000l\000o\000g\000r\000a\000f\000i\000a}{}% 22
